[debug] [2024-10-03T16:42:07.510Z] ----------------------------------------------------------------------
[debug] [2024-10-03T16:42:07.513Z] Command:       C:\Program Files\nodejs\node.exe C:\Users\souvi\AppData\Roaming\npm\node_modules\firebase-tools\lib\bin\firebase.js emulators:start
[debug] [2024-10-03T16:42:07.513Z] CLI Version:   13.20.1
[debug] [2024-10-03T16:42:07.513Z] Platform:      win32
[debug] [2024-10-03T16:42:07.513Z] Node Version:  v20.17.0
[debug] [2024-10-03T16:42:07.513Z] Time:          Thu Oct 03 2024 22:12:07 GMT+0530 (India Standard Time)
[debug] [2024-10-03T16:42:07.514Z] ----------------------------------------------------------------------
[debug] 
[debug] [2024-10-03T16:42:07.518Z] >>> [apiv2][query] GET https://firebase-public.firebaseio.com/cli.json [none]
[debug] [2024-10-03T16:42:07.676Z] > command requires scopes: ["email","openid","https://www.googleapis.com/auth/cloudplatformprojects.readonly","https://www.googleapis.com/auth/firebase","https://www.googleapis.com/auth/cloud-platform"]
[debug] [2024-10-03T16:42:07.676Z] > authorizing via signed-in user (souviksamanta059@gmail.com)
[info] i  emulators: Starting emulators: functions, hosting {"metadata":{"emulator":{"name":"hub"},"message":"Starting emulators: functions, hosting"}}
[debug] [2024-10-03T16:42:07.690Z] [logging] Logging Emulator only supports listening on one address (127.0.0.1). Not listening on ::1
[debug] [2024-10-03T16:42:07.691Z] [hosting] Hosting Emulator only supports listening on one address (127.0.0.1). Not listening on ::1
[debug] [2024-10-03T16:42:07.691Z] assigned listening specs for emulators {"user":{"hub":[{"address":"127.0.0.1","family":"IPv4","port":4400},{"address":"::1","family":"IPv6","port":4400}],"ui":[{"address":"127.0.0.1","family":"IPv4","port":4000},{"address":"::1","family":"IPv6","port":4000}],"logging":[{"address":"127.0.0.1","family":"IPv4","port":4500}],"hosting":[{"address":"127.0.0.1","family":"IPv4","port":5000}]},"metadata":{"message":"assigned listening specs for emulators"}}
[debug] [2024-10-03T16:42:07.699Z] [hub] writing locator at C:\Users\souvi\AppData\Local\Temp\hub-gruham-eb94a.json
[debug] [2024-10-03T16:42:07.727Z] [functions] Functions Emulator only supports listening on one address (127.0.0.1). Not listening on ::1
[debug] [2024-10-03T16:42:07.727Z] [eventarc] Eventarc Emulator only supports listening on one address (127.0.0.1). Not listening on ::1
[debug] [2024-10-03T16:42:07.727Z] [tasks] Cloud Tasks Emulator only supports listening on one address (127.0.0.1). Not listening on ::1
[debug] [2024-10-03T16:42:07.727Z] late-assigned ports for functions and eventarc emulators {"user":{"hub":[{"address":"127.0.0.1","family":"IPv4","port":4400},{"address":"::1","family":"IPv6","port":4400}],"ui":[{"address":"127.0.0.1","family":"IPv4","port":4000},{"address":"::1","family":"IPv6","port":4000}],"logging":[{"address":"127.0.0.1","family":"IPv4","port":4500}],"hosting":[{"address":"127.0.0.1","family":"IPv4","port":5000}],"functions":[{"address":"127.0.0.1","family":"IPv4","port":5001}],"eventarc":[{"address":"127.0.0.1","family":"IPv4","port":9299}],"tasks":[{"address":"127.0.0.1","family":"IPv4","port":9499}]},"metadata":{"message":"late-assigned ports for functions and eventarc emulators"}}
[warn] !  functions: The following emulators are not running, calls to these services from the Functions emulator will affect production: auth, firestore, database, pubsub, storage, dataconnect {"metadata":{"emulator":{"name":"functions"},"message":"The following emulators are not running, calls to these services from the Functions emulator will affect production: \u001b[1mauth, firestore, database, pubsub, storage, dataconnect\u001b[22m"}}
[debug] [2024-10-03T16:42:07.732Z] defaultcredentials: writing to file C:\Users\souvi\AppData\Roaming\firebase\souviksamanta059_gmail_com_application_default_credentials.json
[debug] [2024-10-03T16:42:07.736Z] Setting GAC to C:\Users\souvi\AppData\Roaming\firebase\souviksamanta059_gmail_com_application_default_credentials.json {"metadata":{"emulator":{"name":"functions"},"message":"Setting GAC to C:\\Users\\souvi\\AppData\\Roaming\\firebase\\souviksamanta059_gmail_com_application_default_credentials.json"}}
[debug] [2024-10-03T16:42:07.736Z] Checked if tokens are valid: false, expires at: 1727799462103
[debug] [2024-10-03T16:42:07.736Z] Checked if tokens are valid: false, expires at: 1727799462103
[debug] [2024-10-03T16:42:07.737Z] > refreshing access token with scopes: []
[debug] [2024-10-03T16:42:07.737Z] >>> [apiv2][query] POST https://www.googleapis.com/oauth2/v3/token [none]
[debug] [2024-10-03T16:42:07.737Z] >>> [apiv2][body] POST https://www.googleapis.com/oauth2/v3/token [omitted]
[debug] [2024-10-03T16:42:08.115Z] <<< [apiv2][status] POST https://www.googleapis.com/oauth2/v3/token 200
[debug] [2024-10-03T16:42:08.115Z] <<< [apiv2][body] POST https://www.googleapis.com/oauth2/v3/token [omitted]
[debug] [2024-10-03T16:42:08.126Z] >>> [apiv2][query] GET https://firebase.googleapis.com/v1beta1/projects/gruham-eb94a/adminSdkConfig [none]
[debug] [2024-10-03T16:42:08.428Z] <<< [apiv2][status] GET https://firebase-public.firebaseio.com/cli.json 200
[debug] [2024-10-03T16:42:08.428Z] <<< [apiv2][body] GET https://firebase-public.firebaseio.com/cli.json {"cloudBuildErrorAfter":1594252800000,"cloudBuildWarnAfter":1590019200000,"defaultNode10After":1594252800000,"minVersion":"3.0.5","node8DeploysDisabledAfter":1613390400000,"node8RuntimeDisabledAfter":1615809600000,"node8WarnAfter":1600128000000}
[debug] [2024-10-03T16:42:08.794Z] <<< [apiv2][status] GET https://firebase.googleapis.com/v1beta1/projects/gruham-eb94a/adminSdkConfig 200
[debug] [2024-10-03T16:42:08.794Z] <<< [apiv2][body] GET https://firebase.googleapis.com/v1beta1/projects/gruham-eb94a/adminSdkConfig {"projectId":"gruham-eb94a","storageBucket":"gruham-eb94a.appspot.com"}
[debug] [2024-10-03T16:42:08.819Z] Checked if tokens are valid: true, expires at: 1727977327115
[debug] [2024-10-03T16:42:08.820Z] Checked if tokens are valid: true, expires at: 1727977327115
[debug] [2024-10-03T16:42:08.820Z] >>> [apiv2][query] GET https://firebasehosting.googleapis.com/v1beta1/projects/gruham-eb94a/sites 
[debug] [2024-10-03T16:42:10.105Z] <<< [apiv2][status] GET https://firebasehosting.googleapis.com/v1beta1/projects/gruham-eb94a/sites 200
[debug] [2024-10-03T16:42:10.106Z] <<< [apiv2][body] GET https://firebasehosting.googleapis.com/v1beta1/projects/gruham-eb94a/sites {"sites":[{"name":"projects/gruham-eb94a/sites/gruham-eb94a","defaultUrl":"https://gruham-eb94a.web.app","appId":"1:607624346585:web:d63974c9d262d79376b7c8","type":"DEFAULT_SITE"}]}
[debug] [2024-10-03T16:42:10.106Z] Checked if tokens are valid: true, expires at: 1727977327115
[debug] [2024-10-03T16:42:10.106Z] Checked if tokens are valid: true, expires at: 1727977327115
[debug] [2024-10-03T16:42:10.106Z] >>> [apiv2][query] GET https://firebase.googleapis.com/v1beta1/projects/gruham-eb94a/webApps/1:607624346585:web:d63974c9d262d79376b7c8/config [none]
[debug] [2024-10-03T16:42:11.057Z] <<< [apiv2][status] GET https://firebase.googleapis.com/v1beta1/projects/gruham-eb94a/webApps/1:607624346585:web:d63974c9d262d79376b7c8/config 200
[debug] [2024-10-03T16:42:11.057Z] <<< [apiv2][body] GET https://firebase.googleapis.com/v1beta1/projects/gruham-eb94a/webApps/1:607624346585:web:d63974c9d262d79376b7c8/config {"projectId":"gruham-eb94a","appId":"1:607624346585:web:d63974c9d262d79376b7c8","storageBucket":"gruham-eb94a.appspot.com","apiKey":"AIzaSyA5o3SBkvA_-MBNqwkPLGlmcmYQWAlZUj8","authDomain":"gruham-eb94a.firebaseapp.com","messagingSenderId":"607624346585","measurementId":"G-DPRH81RTJ7"}
[debug] [2024-10-03T16:42:11.070Z] Checked if tokens are valid: true, expires at: 1727977327115
[debug] [2024-10-03T16:42:11.070Z] Checked if tokens are valid: true, expires at: 1727977327115
[debug] [2024-10-03T16:42:11.071Z] >>> [apiv2][query] GET https://firebase.googleapis.com/v1beta1/projects/gruham-eb94a [none]
[debug] [2024-10-03T16:42:11.466Z] <<< [apiv2][status] GET https://firebase.googleapis.com/v1beta1/projects/gruham-eb94a 200
[debug] [2024-10-03T16:42:11.466Z] <<< [apiv2][body] GET https://firebase.googleapis.com/v1beta1/projects/gruham-eb94a {"projectId":"gruham-eb94a","projectNumber":"607624346585","displayName":"gruham","name":"projects/gruham-eb94a","resources":{"hostingSite":"gruham-eb94a"},"state":"ACTIVE","etag":"1_aa579590-e5a1-43ea-be05-29956b8280b8"}
[debug] [2024-10-03T16:42:11.468Z] Specified "public" directory "build" does not exist; Deploy to Hosting site "gruham-eb94a" may fail or be empty.
[info] i  hosting[gruham-eb94a]: Serving hosting files from: build {"metadata":{"emulator":{"name":"hosting"},"message":"Serving hosting files from: \u001b[1mbuild\u001b[22m"}}
[info] +  hosting[gruham-eb94a]: Local server: http://127.0.0.1:5000 {"metadata":{"emulator":{"name":"hosting"},"message":"Local server: \u001b[4m\u001b[1mhttp://127.0.0.1:5000\u001b[22m\u001b[24m"}}
[debug] [2024-10-03T16:42:11.507Z] Ignoring unsupported arg: auto_download {"metadata":{"emulator":{"name":"ui"},"message":"Ignoring unsupported arg: auto_download"}}
[debug] [2024-10-03T16:42:11.507Z] Ignoring unsupported arg: port {"metadata":{"emulator":{"name":"ui"},"message":"Ignoring unsupported arg: port"}}
[debug] [2024-10-03T16:42:11.507Z] Starting Emulator UI with command {"binary":"node","args":["C:\\Users\\souvi\\.cache\\firebase\\emulators\\ui-v1.13.0\\server\\server.mjs"],"optionalArgs":[],"joinArgs":false,"shell":false,"port":4000} {"metadata":{"emulator":{"name":"ui"},"message":"Starting Emulator UI with command {\"binary\":\"node\",\"args\":[\"C:\\\\Users\\\\souvi\\\\.cache\\\\firebase\\\\emulators\\\\ui-v1.13.0\\\\server\\\\server.mjs\"],\"optionalArgs\":[],\"joinArgs\":false,\"shell\":false,\"port\":4000}"}}
[info] i  ui: Emulator UI logging to ui-debug.log {"metadata":{"emulator":{"name":"ui"},"message":"Emulator UI logging to \u001b[1mui-debug.log\u001b[22m"}}
[debug] [2024-10-03T16:42:11.667Z] Web / API server started at 127.0.0.1:4000
 {"metadata":{"emulator":{"name":"ui"},"message":"Web / API server started at 127.0.0.1:4000\n"}}
[debug] [2024-10-03T16:42:11.668Z] Web / API server started at ::1:4000
 {"metadata":{"emulator":{"name":"ui"},"message":"Web / API server started at ::1:4000\n"}}
[info] i  functions: Watching "C:\Users\souvi\OneDrive\Desktop\abc\gruham\functions" for Cloud Functions... {"metadata":{"emulator":{"name":"functions"},"message":"Watching \"C:\\Users\\souvi\\OneDrive\\Desktop\\abc\\gruham\\functions\" for Cloud Functions..."}}
[debug] [2024-10-03T16:42:11.751Z] Validating nodejs source
[warn] !  functions: package.json indicates an outdated version of firebase-functions. Please upgrade using npm install --save firebase-functions@latest in your functions directory. 
[warn] !  functions: Please note that there will be breaking changes when you upgrade. 
[debug] [2024-10-03T16:42:13.218Z] > [functions] package.json contents: {
  "name": "functions",
  "description": "Cloud Functions for Firebase",
  "scripts": {
    "lint": "eslint .",
    "serve": "firebase emulators:start --only functions",
    "shell": "firebase functions:shell",
    "start": "npm run shell",
    "deploy": "firebase deploy --only functions",
    "logs": "firebase functions:log"
  },
  "engines": {
    "node": "18"
  },
  "main": "index.js",
  "dependencies": {
    "cors": "^2.8.5",
    "express": "^4.21.0",
    "firebase-admin": "^12.1.0",
    "firebase-functions": "^5.0.0",
    "stripe": "^16.12.0"
  },
  "devDependencies": {
    "eslint": "^8.15.0",
    "eslint-config-google": "^0.14.0",
    "firebase-functions-test": "^3.1.0"
  },
  "private": true
}
[debug] [2024-10-03T16:42:13.218Z] Building nodejs source
[debug] [2024-10-03T16:42:13.218Z] Failed to find version of module node: reached end of search path C:\Users\souvi\OneDrive\Desktop\abc\gruham\functions\node_modules
[warn] !  functions: Your requested "node" version "18" doesn't match your global version "20". Using node@20 from host. 
[debug] [2024-10-03T16:42:13.221Z] Could not find functions.yaml. Must use http discovery
[debug] [2024-10-03T16:42:13.229Z] Found firebase-functions binary at 'C:\Users\souvi\OneDrive\Desktop\abc\gruham\functions\node_modules\.bin\firebase-functions'
[info] Serving at port 8561

[debug] [2024-10-03T16:42:14.579Z] Got response from /__/functions.yaml {"endpoints":{"api":{"platform":"gcfv1","availableMemoryMb":null,"timeoutSeconds":null,"minInstances":null,"maxInstances":null,"ingressSettings":null,"serviceAccountEmail":null,"vpc":null,"httpsTrigger":{},"entryPoint":"api"}},"specVersion":"v1alpha1","requiredAPIs":[],"extensions":{}}
[info] +  functions: Loaded functions definitions from source: api. {"metadata":{"emulator":{"name":"functions"},"message":"Loaded functions definitions from source: api."}}
[info] +  functions[us-central1-api]: http function initialized (http://127.0.0.1:5001/gruham-eb94a/us-central1/api). {"metadata":{"emulator":{"name":"functions"},"message":"\u001b[1mhttp\u001b[22m function initialized (http://127.0.0.1:5001/gruham-eb94a/us-central1/api)."}}
[debug] [2024-10-03T16:42:19.624Z] Could not find VSCode notification endpoint: FetchError: request to http://localhost:40001/vscode/notify failed, reason: 
[info] 
┌─────────────────────────────────────────────────────────────┐
│ ✔  All emulators ready! It is now safe to connect your app. │
│ i  View Emulator UI at http://127.0.0.1:4000/               │
└─────────────────────────────────────────────────────────────┘

┌───────────┬────────────────┬─────────────────────────────────┐
│ Emulator  │ Host:Port      │ View in Emulator UI             │
├───────────┼────────────────┼─────────────────────────────────┤
│ Functions │ 127.0.0.1:5001 │ http://127.0.0.1:4000/functions │
├───────────┼────────────────┼─────────────────────────────────┤
│ Hosting   │ 127.0.0.1:5000 │ n/a                             │
└───────────┴────────────────┴─────────────────────────────────┘
  Emulator Hub running at 127.0.0.1:4400
  Other reserved ports: 4500

Issues? Report them at https://github.com/firebase/firebase-tools/issues and attach the *-debug.log files.
 
[debug] [2024-10-03T16:42:44.297Z] [work-queue] {"queuedWork":["/gruham-eb94a/us-central1/api/payments/create-2024-10-03T16:42:44.297Z"],"queueLength":1,"runningWork":[],"workRunningCount":0}
[debug] [2024-10-03T16:42:44.298Z] [work-queue] {"queuedWork":[],"queueLength":0,"runningWork":["/gruham-eb94a/us-central1/api/payments/create-2024-10-03T16:42:44.297Z"],"workRunningCount":1}
[debug] [2024-10-03T16:42:44.299Z] Accepted request POST /gruham-eb94a/us-central1/api/payments/create?total=1196 --> us-central1-api
[debug] [2024-10-03T16:42:44.302Z] [functions] Runtime ready! Sending request! {"metadata":{"emulator":{"name":"functions"},"message":"[functions] Runtime ready! Sending request!"}}
[debug] [2024-10-03T16:42:44.303Z] [functions] Got req.url=/gruham-eb94a/us-central1/api/payments/create?total=1196, mapping to path=/payments/create?total=1196 {"metadata":{"emulator":{"name":"functions"},"message":"[functions] Got req.url=/gruham-eb94a/us-central1/api/payments/create?total=1196, mapping to path=/payments/create?total=1196"}}
[debug] [2024-10-03T16:42:44.323Z] [worker-pool] addWorker(us-central1-api) {"metadata":{"emulator":{"name":"functions"},"message":"[worker-pool] addWorker(us-central1-api)"}}
[debug] [2024-10-03T16:42:44.324Z] [worker-pool] Adding worker with key us-central1-api, total=1 {"metadata":{"emulator":{"name":"functions"},"message":"[worker-pool] Adding worker with key us-central1-api, total=1"}}
[debug] [2024-10-03T16:42:44.327Z] [work-queue] {"queuedWork":["/gruham-eb94a/us-central1/api/payments/create-2024-10-03T16:42:44.327Z"],"queueLength":1,"runningWork":["/gruham-eb94a/us-central1/api/payments/create-2024-10-03T16:42:44.297Z"],"workRunningCount":1}
[debug] [2024-10-03T16:42:44.327Z] [work-queue] {"queuedWork":[],"queueLength":0,"runningWork":["/gruham-eb94a/us-central1/api/payments/create-2024-10-03T16:42:44.297Z","/gruham-eb94a/us-central1/api/payments/create-2024-10-03T16:42:44.327Z"],"workRunningCount":2}
[debug] [2024-10-03T16:42:44.327Z] Accepted request POST /gruham-eb94a/us-central1/api/payments/create?total=1196 --> us-central1-api
[debug] [2024-10-03T16:42:44.331Z] [functions] Runtime ready! Sending request! {"metadata":{"emulator":{"name":"functions"},"message":"[functions] Runtime ready! Sending request!"}}
[debug] [2024-10-03T16:42:44.332Z] [functions] Got req.url=/gruham-eb94a/us-central1/api/payments/create?total=1196, mapping to path=/payments/create?total=1196 {"metadata":{"emulator":{"name":"functions"},"message":"[functions] Got req.url=/gruham-eb94a/us-central1/api/payments/create?total=1196, mapping to path=/payments/create?total=1196"}}
[debug] [2024-10-03T16:42:44.342Z] [worker-pool] addWorker(us-central1-api) {"metadata":{"emulator":{"name":"functions"},"message":"[worker-pool] addWorker(us-central1-api)"}}
[debug] [2024-10-03T16:42:44.342Z] [worker-pool] Adding worker with key us-central1-api, total=2 {"metadata":{"emulator":{"name":"functions"},"message":"[worker-pool] Adding worker with key us-central1-api, total=2"}}
[debug] [2024-10-03T16:42:45.787Z] [runtime-status] [8920] Resolved module firebase-admin {"declared":true,"installed":true,"version":"12.5.0","resolution":"C:\\Users\\souvi\\OneDrive\\Desktop\\abc\\gruham\\functions\\node_modules\\firebase-admin\\lib\\index.js"} {"metadata":{"emulator":{"name":"functions"},"function":{"name":"us-central1-api"},"extension":{},"message":"[runtime-status] [8920] Resolved module firebase-admin {\"declared\":true,\"installed\":true,\"version\":\"12.5.0\",\"resolution\":\"C:\\\\Users\\\\souvi\\\\OneDrive\\\\Desktop\\\\abc\\\\gruham\\\\functions\\\\node_modules\\\\firebase-admin\\\\lib\\\\index.js\"}"}}
[debug] [2024-10-03T16:42:45.788Z] [runtime-status] [8920] Resolved module firebase-functions {"declared":true,"installed":true,"version":"5.1.1","resolution":"C:\\Users\\souvi\\OneDrive\\Desktop\\abc\\gruham\\functions\\node_modules\\firebase-functions\\lib\\v1\\index.js"} {"metadata":{"emulator":{"name":"functions"},"function":{"name":"us-central1-api"},"extension":{},"message":"[runtime-status] [8920] Resolved module firebase-functions {\"declared\":true,\"installed\":true,\"version\":\"5.1.1\",\"resolution\":\"C:\\\\Users\\\\souvi\\\\OneDrive\\\\Desktop\\\\abc\\\\gruham\\\\functions\\\\node_modules\\\\firebase-functions\\\\lib\\\\v1\\\\index.js\"}"}}
[debug] [2024-10-03T16:42:45.789Z] [runtime-status] [8920] Outgoing network have been stubbed. [{"name":"http","status":"mocked"},{"name":"http","status":"mocked"},{"name":"https","status":"mocked"},{"name":"https","status":"mocked"},{"name":"net","status":"mocked"}] {"metadata":{"emulator":{"name":"functions"},"function":{"name":"us-central1-api"},"extension":{},"message":"[runtime-status] [8920] Outgoing network have been stubbed. [{\"name\":\"http\",\"status\":\"mocked\"},{\"name\":\"http\",\"status\":\"mocked\"},{\"name\":\"https\",\"status\":\"mocked\"},{\"name\":\"https\",\"status\":\"mocked\"},{\"name\":\"net\",\"status\":\"mocked\"}]"}}
[debug] [2024-10-03T16:42:45.790Z] [runtime-status] [8920] Resolved module firebase-functions {"declared":true,"installed":true,"version":"5.1.1","resolution":"C:\\Users\\souvi\\OneDrive\\Desktop\\abc\\gruham\\functions\\node_modules\\firebase-functions\\lib\\v1\\index.js"} {"metadata":{"emulator":{"name":"functions"},"function":{"name":"us-central1-api"},"extension":{},"message":"[runtime-status] [8920] Resolved module firebase-functions {\"declared\":true,\"installed\":true,\"version\":\"5.1.1\",\"resolution\":\"C:\\\\Users\\\\souvi\\\\OneDrive\\\\Desktop\\\\abc\\\\gruham\\\\functions\\\\node_modules\\\\firebase-functions\\\\lib\\\\v1\\\\index.js\"}"}}
[debug] [2024-10-03T16:42:45.792Z] [runtime-status] [11768] Resolved module firebase-admin {"declared":true,"installed":true,"version":"12.5.0","resolution":"C:\\Users\\souvi\\OneDrive\\Desktop\\abc\\gruham\\functions\\node_modules\\firebase-admin\\lib\\index.js"} {"metadata":{"emulator":{"name":"functions"},"function":{"name":"us-central1-api"},"extension":{},"message":"[runtime-status] [11768] Resolved module firebase-admin {\"declared\":true,\"installed\":true,\"version\":\"12.5.0\",\"resolution\":\"C:\\\\Users\\\\souvi\\\\OneDrive\\\\Desktop\\\\abc\\\\gruham\\\\functions\\\\node_modules\\\\firebase-admin\\\\lib\\\\index.js\"}"}}
[debug] [2024-10-03T16:42:45.793Z] [runtime-status] [11768] Resolved module firebase-functions {"declared":true,"installed":true,"version":"5.1.1","resolution":"C:\\Users\\souvi\\OneDrive\\Desktop\\abc\\gruham\\functions\\node_modules\\firebase-functions\\lib\\v1\\index.js"} {"metadata":{"emulator":{"name":"functions"},"function":{"name":"us-central1-api"},"extension":{},"message":"[runtime-status] [11768] Resolved module firebase-functions {\"declared\":true,\"installed\":true,\"version\":\"5.1.1\",\"resolution\":\"C:\\\\Users\\\\souvi\\\\OneDrive\\\\Desktop\\\\abc\\\\gruham\\\\functions\\\\node_modules\\\\firebase-functions\\\\lib\\\\v1\\\\index.js\"}"}}
[debug] [2024-10-03T16:42:45.794Z] [runtime-status] [11768] Outgoing network have been stubbed. [{"name":"http","status":"mocked"},{"name":"http","status":"mocked"},{"name":"https","status":"mocked"},{"name":"https","status":"mocked"},{"name":"net","status":"mocked"}] {"metadata":{"emulator":{"name":"functions"},"function":{"name":"us-central1-api"},"extension":{},"message":"[runtime-status] [11768] Outgoing network have been stubbed. [{\"name\":\"http\",\"status\":\"mocked\"},{\"name\":\"http\",\"status\":\"mocked\"},{\"name\":\"https\",\"status\":\"mocked\"},{\"name\":\"https\",\"status\":\"mocked\"},{\"name\":\"net\",\"status\":\"mocked\"}]"}}
[debug] [2024-10-03T16:42:45.795Z] [runtime-status] [11768] Resolved module firebase-functions {"declared":true,"installed":true,"version":"5.1.1","resolution":"C:\\Users\\souvi\\OneDrive\\Desktop\\abc\\gruham\\functions\\node_modules\\firebase-functions\\lib\\v1\\index.js"} {"metadata":{"emulator":{"name":"functions"},"function":{"name":"us-central1-api"},"extension":{},"message":"[runtime-status] [11768] Resolved module firebase-functions {\"declared\":true,\"installed\":true,\"version\":\"5.1.1\",\"resolution\":\"C:\\\\Users\\\\souvi\\\\OneDrive\\\\Desktop\\\\abc\\\\gruham\\\\functions\\\\node_modules\\\\firebase-functions\\\\lib\\\\v1\\\\index.js\"}"}}
[debug] [2024-10-03T16:42:46.063Z] [runtime-status] [11768] Checked functions.config() {"config":{}} {"metadata":{"emulator":{"name":"functions"},"function":{"name":"us-central1-api"},"extension":{},"message":"[runtime-status] [11768] Checked functions.config() {\"config\":{}}"}}
[debug] [2024-10-03T16:42:46.063Z] [runtime-status] [11768] firebase-functions has been stubbed. {"functionsResolution":{"declared":true,"installed":true,"version":"5.1.1","resolution":"C:\\Users\\souvi\\OneDrive\\Desktop\\abc\\gruham\\functions\\node_modules\\firebase-functions\\lib\\v1\\index.js"}} {"metadata":{"emulator":{"name":"functions"},"function":{"name":"us-central1-api"},"extension":{},"message":"[runtime-status] [11768] firebase-functions has been stubbed. {\"functionsResolution\":{\"declared\":true,\"installed\":true,\"version\":\"5.1.1\",\"resolution\":\"C:\\\\Users\\\\souvi\\\\OneDrive\\\\Desktop\\\\abc\\\\gruham\\\\functions\\\\node_modules\\\\firebase-functions\\\\lib\\\\v1\\\\index.js\"}}"}}
[debug] [2024-10-03T16:42:46.064Z] [runtime-status] [11768] Resolved module firebase-functions {"declared":true,"installed":true,"version":"5.1.1","resolution":"C:\\Users\\souvi\\OneDrive\\Desktop\\abc\\gruham\\functions\\node_modules\\firebase-functions\\lib\\v1\\index.js"} {"metadata":{"emulator":{"name":"functions"},"function":{"name":"us-central1-api"},"extension":{},"message":"[runtime-status] [11768] Resolved module firebase-functions {\"declared\":true,\"installed\":true,\"version\":\"5.1.1\",\"resolution\":\"C:\\\\Users\\\\souvi\\\\OneDrive\\\\Desktop\\\\abc\\\\gruham\\\\functions\\\\node_modules\\\\firebase-functions\\\\lib\\\\v1\\\\index.js\"}"}}
[debug] [2024-10-03T16:42:46.065Z] [runtime-status] [11768] Resolved module firebase-admin {"declared":true,"installed":true,"version":"12.5.0","resolution":"C:\\Users\\souvi\\OneDrive\\Desktop\\abc\\gruham\\functions\\node_modules\\firebase-admin\\lib\\index.js"} {"metadata":{"emulator":{"name":"functions"},"function":{"name":"us-central1-api"},"extension":{},"message":"[runtime-status] [11768] Resolved module firebase-admin {\"declared\":true,\"installed\":true,\"version\":\"12.5.0\",\"resolution\":\"C:\\\\Users\\\\souvi\\\\OneDrive\\\\Desktop\\\\abc\\\\gruham\\\\functions\\\\node_modules\\\\firebase-admin\\\\lib\\\\index.js\"}"}}
[debug] [2024-10-03T16:42:46.070Z] [runtime-status] [11768] Resolved module firebase-functions {"declared":true,"installed":true,"version":"5.1.1","resolution":"C:\\Users\\souvi\\OneDrive\\Desktop\\abc\\gruham\\functions\\node_modules\\firebase-functions\\lib\\v1\\index.js"} {"metadata":{"emulator":{"name":"functions"},"function":{"name":"us-central1-api"},"extension":{},"message":"[runtime-status] [11768] Resolved module firebase-functions {\"declared\":true,\"installed\":true,\"version\":\"5.1.1\",\"resolution\":\"C:\\\\Users\\\\souvi\\\\OneDrive\\\\Desktop\\\\abc\\\\gruham\\\\functions\\\\node_modules\\\\firebase-functions\\\\lib\\\\v1\\\\index.js\"}"}}
[debug] [2024-10-03T16:42:46.071Z] [runtime-status] [11768] firebase-admin has been stubbed. {"adminResolution":{"declared":true,"installed":true,"version":"12.5.0","resolution":"C:\\Users\\souvi\\OneDrive\\Desktop\\abc\\gruham\\functions\\node_modules\\firebase-admin\\lib\\index.js"}} {"metadata":{"emulator":{"name":"functions"},"function":{"name":"us-central1-api"},"extension":{},"message":"[runtime-status] [11768] firebase-admin has been stubbed. {\"adminResolution\":{\"declared\":true,\"installed\":true,\"version\":\"12.5.0\",\"resolution\":\"C:\\\\Users\\\\souvi\\\\OneDrive\\\\Desktop\\\\abc\\\\gruham\\\\functions\\\\node_modules\\\\firebase-admin\\\\lib\\\\index.js\"}}"}}
[debug] [2024-10-03T16:42:46.073Z] [runtime-status] [8920] Checked functions.config() {"config":{}} {"metadata":{"emulator":{"name":"functions"},"function":{"name":"us-central1-api"},"extension":{},"message":"[runtime-status] [8920] Checked functions.config() {\"config\":{}}"}}
[debug] [2024-10-03T16:42:46.073Z] [runtime-status] [8920] firebase-functions has been stubbed. {"functionsResolution":{"declared":true,"installed":true,"version":"5.1.1","resolution":"C:\\Users\\souvi\\OneDrive\\Desktop\\abc\\gruham\\functions\\node_modules\\firebase-functions\\lib\\v1\\index.js"}} {"metadata":{"emulator":{"name":"functions"},"function":{"name":"us-central1-api"},"extension":{},"message":"[runtime-status] [8920] firebase-functions has been stubbed. {\"functionsResolution\":{\"declared\":true,\"installed\":true,\"version\":\"5.1.1\",\"resolution\":\"C:\\\\Users\\\\souvi\\\\OneDrive\\\\Desktop\\\\abc\\\\gruham\\\\functions\\\\node_modules\\\\firebase-functions\\\\lib\\\\v1\\\\index.js\"}}"}}
[debug] [2024-10-03T16:42:46.073Z] [runtime-status] [8920] Resolved module firebase-functions {"declared":true,"installed":true,"version":"5.1.1","resolution":"C:\\Users\\souvi\\OneDrive\\Desktop\\abc\\gruham\\functions\\node_modules\\firebase-functions\\lib\\v1\\index.js"} {"metadata":{"emulator":{"name":"functions"},"function":{"name":"us-central1-api"},"extension":{},"message":"[runtime-status] [8920] Resolved module firebase-functions {\"declared\":true,\"installed\":true,\"version\":\"5.1.1\",\"resolution\":\"C:\\\\Users\\\\souvi\\\\OneDrive\\\\Desktop\\\\abc\\\\gruham\\\\functions\\\\node_modules\\\\firebase-functions\\\\lib\\\\v1\\\\index.js\"}"}}
[debug] [2024-10-03T16:42:46.075Z] [runtime-status] [8920] Resolved module firebase-admin {"declared":true,"installed":true,"version":"12.5.0","resolution":"C:\\Users\\souvi\\OneDrive\\Desktop\\abc\\gruham\\functions\\node_modules\\firebase-admin\\lib\\index.js"} {"metadata":{"emulator":{"name":"functions"},"function":{"name":"us-central1-api"},"extension":{},"message":"[runtime-status] [8920] Resolved module firebase-admin {\"declared\":true,\"installed\":true,\"version\":\"12.5.0\",\"resolution\":\"C:\\\\Users\\\\souvi\\\\OneDrive\\\\Desktop\\\\abc\\\\gruham\\\\functions\\\\node_modules\\\\firebase-admin\\\\lib\\\\index.js\"}"}}
[debug] [2024-10-03T16:42:46.077Z] [runtime-status] [8920] Resolved module firebase-functions {"declared":true,"installed":true,"version":"5.1.1","resolution":"C:\\Users\\souvi\\OneDrive\\Desktop\\abc\\gruham\\functions\\node_modules\\firebase-functions\\lib\\v1\\index.js"} {"metadata":{"emulator":{"name":"functions"},"function":{"name":"us-central1-api"},"extension":{},"message":"[runtime-status] [8920] Resolved module firebase-functions {\"declared\":true,\"installed\":true,\"version\":\"5.1.1\",\"resolution\":\"C:\\\\Users\\\\souvi\\\\OneDrive\\\\Desktop\\\\abc\\\\gruham\\\\functions\\\\node_modules\\\\firebase-functions\\\\lib\\\\v1\\\\index.js\"}"}}
[debug] [2024-10-03T16:42:46.077Z] [runtime-status] [8920] firebase-admin has been stubbed. {"adminResolution":{"declared":true,"installed":true,"version":"12.5.0","resolution":"C:\\Users\\souvi\\OneDrive\\Desktop\\abc\\gruham\\functions\\node_modules\\firebase-admin\\lib\\index.js"}} {"metadata":{"emulator":{"name":"functions"},"function":{"name":"us-central1-api"},"extension":{},"message":"[runtime-status] [8920] firebase-admin has been stubbed. {\"adminResolution\":{\"declared\":true,\"installed\":true,\"version\":\"12.5.0\",\"resolution\":\"C:\\\\Users\\\\souvi\\\\OneDrive\\\\Desktop\\\\abc\\\\gruham\\\\functions\\\\node_modules\\\\firebase-admin\\\\lib\\\\index.js\"}}"}}
[debug] [2024-10-03T16:42:46.260Z] [runtime-status] [8920] Functions runtime initialized. {"cwd":"C:\\Users\\souvi\\OneDrive\\Desktop\\abc\\gruham\\functions","node_version":"20.17.0"} {"metadata":{"emulator":{"name":"functions"},"function":{"name":"us-central1-api"},"extension":{},"message":"[runtime-status] [8920] Functions runtime initialized. {\"cwd\":\"C:\\\\Users\\\\souvi\\\\OneDrive\\\\Desktop\\\\abc\\\\gruham\\\\functions\",\"node_version\":\"20.17.0\"}"}}
[debug] [2024-10-03T16:42:46.261Z] [runtime-status] [8920] Listening to port: \\?\pipe\fire_emu_6749da303713b11f {"metadata":{"emulator":{"name":"functions"},"function":{"name":"us-central1-api"},"extension":{},"message":"[runtime-status] [8920] Listening to port: \\\\?\\pipe\\fire_emu_6749da303713b11f"}}
[debug] [2024-10-03T16:42:46.262Z] [runtime-status] [11768] Functions runtime initialized. {"cwd":"C:\\Users\\souvi\\OneDrive\\Desktop\\abc\\gruham\\functions","node_version":"20.17.0"} {"metadata":{"emulator":{"name":"functions"},"function":{"name":"us-central1-api"},"extension":{},"message":"[runtime-status] [11768] Functions runtime initialized. {\"cwd\":\"C:\\\\Users\\\\souvi\\\\OneDrive\\\\Desktop\\\\abc\\\\gruham\\\\functions\",\"node_version\":\"20.17.0\"}"}}
[debug] [2024-10-03T16:42:46.264Z] [runtime-status] [11768] Listening to port: \\?\pipe\fire_emu_200b734f21343499 {"metadata":{"emulator":{"name":"functions"},"function":{"name":"us-central1-api"},"extension":{},"message":"[runtime-status] [11768] Listening to port: \\\\?\\pipe\\fire_emu_200b734f21343499"}}
[debug] [2024-10-03T16:42:46.294Z] [worker-us-central1-api-756d45a2-8980-492e-9f20-06f1e3b87b4f]: IDLE {"metadata":{"emulator":{"name":"functions"},"function":{"name":"us-central1-api"},"extension":{},"message":"[worker-us-central1-api-756d45a2-8980-492e-9f20-06f1e3b87b4f]: IDLE"}}
[debug] [2024-10-03T16:42:46.294Z] [worker-pool] submitRequest(triggerId=us-central1-api) {"metadata":{"emulator":{"name":"functions"},"message":"[worker-pool] submitRequest(triggerId=us-central1-api)"}}
[info] i  functions: Beginning execution of "us-central1-api" {"metadata":{"emulator":{"name":"functions"},"function":{"name":"us-central1-api"},"extension":{},"message":"Beginning execution of \"us-central1-api\""}}
[debug] [2024-10-03T16:42:46.295Z] [worker-us-central1-api-756d45a2-8980-492e-9f20-06f1e3b87b4f]: BUSY {"metadata":{"emulator":{"name":"functions"},"function":{"name":"us-central1-api"},"extension":{},"message":"[worker-us-central1-api-756d45a2-8980-492e-9f20-06f1e3b87b4f]: BUSY"}}
[debug] [2024-10-03T16:42:46.300Z] [worker-us-central1-api-7295e609-0e12-4ec3-b31a-814cc663b47a]: IDLE {"metadata":{"emulator":{"name":"functions"},"function":{"name":"us-central1-api"},"extension":{},"message":"[worker-us-central1-api-7295e609-0e12-4ec3-b31a-814cc663b47a]: IDLE"}}
[debug] [2024-10-03T16:42:46.300Z] [worker-pool] submitRequest(triggerId=us-central1-api) {"metadata":{"emulator":{"name":"functions"},"message":"[worker-pool] submitRequest(triggerId=us-central1-api)"}}
[info] i  functions: Beginning execution of "us-central1-api" {"metadata":{"emulator":{"name":"functions"},"function":{"name":"us-central1-api"},"extension":{},"message":"Beginning execution of \"us-central1-api\""}}
[debug] [2024-10-03T16:42:46.301Z] [worker-us-central1-api-7295e609-0e12-4ec3-b31a-814cc663b47a]: BUSY {"metadata":{"emulator":{"name":"functions"},"function":{"name":"us-central1-api"},"extension":{},"message":"[worker-us-central1-api-7295e609-0e12-4ec3-b31a-814cc663b47a]: BUSY"}}
[info] >  {"severity":"INFO","message":"Payment Request Received for this amount >>>  1196"} {"user":{"severity":"INFO","message":"Payment Request Received for this amount >>>  1196"},"metadata":{"emulator":{"name":"functions"},"function":{"name":"us-central1-api"},"extension":{},"message":"\u001b[90m> \u001b[39m {\"severity\":\"INFO\",\"message\":\"Payment Request Received for this amount >>>  1196\"}"}}
[info] >  {"severity":"INFO","message":"Payment Request Received for this amount >>>  1196"} {"user":{"severity":"INFO","message":"Payment Request Received for this amount >>>  1196"},"metadata":{"emulator":{"name":"functions"},"function":{"name":"us-central1-api"},"extension":{},"message":"\u001b[90m> \u001b[39m {\"severity\":\"INFO\",\"message\":\"Payment Request Received for this amount >>>  1196\"}"}}
[debug] [2024-10-03T16:42:47.154Z] Finishing up request with event=pause {"metadata":{"emulator":{"name":"functions"},"function":{"name":"us-central1-api"},"extension":{},"message":"Finishing up request with event=pause"}}
[info] i  functions: Finished "us-central1-api" in 853.0867ms {"metadata":{"emulator":{"name":"functions"},"function":{"name":"us-central1-api"},"extension":{},"message":"Finished \"us-central1-api\" in 853.0867ms"}}
[debug] [2024-10-03T16:42:47.155Z] [worker-us-central1-api-7295e609-0e12-4ec3-b31a-814cc663b47a]: IDLE {"metadata":{"emulator":{"name":"functions"},"function":{"name":"us-central1-api"},"extension":{},"message":"[worker-us-central1-api-7295e609-0e12-4ec3-b31a-814cc663b47a]: IDLE"}}
[debug] [2024-10-03T16:42:47.155Z] Finishing up request with event=finish {"metadata":{"emulator":{"name":"functions"},"function":{"name":"us-central1-api"},"extension":{},"message":"Finishing up request with event=finish"}}
[debug] [2024-10-03T16:42:47.155Z] Finishing up request with event=close {"metadata":{"emulator":{"name":"functions"},"function":{"name":"us-central1-api"},"extension":{},"message":"Finishing up request with event=close"}}
[debug] [2024-10-03T16:42:47.155Z] [work-queue] {"queuedWork":[],"queueLength":0,"runningWork":["/gruham-eb94a/us-central1/api/payments/create-2024-10-03T16:42:44.297Z"],"workRunningCount":1}
[debug] [2024-10-03T16:42:47.286Z] Finishing up request with event=pause {"metadata":{"emulator":{"name":"functions"},"function":{"name":"us-central1-api"},"extension":{},"message":"Finishing up request with event=pause"}}
[info] i  functions: Finished "us-central1-api" in 990.9684ms {"metadata":{"emulator":{"name":"functions"},"function":{"name":"us-central1-api"},"extension":{},"message":"Finished \"us-central1-api\" in 990.9684ms"}}
[debug] [2024-10-03T16:42:47.287Z] [worker-us-central1-api-756d45a2-8980-492e-9f20-06f1e3b87b4f]: IDLE {"metadata":{"emulator":{"name":"functions"},"function":{"name":"us-central1-api"},"extension":{},"message":"[worker-us-central1-api-756d45a2-8980-492e-9f20-06f1e3b87b4f]: IDLE"}}
[debug] [2024-10-03T16:42:47.287Z] Finishing up request with event=finish {"metadata":{"emulator":{"name":"functions"},"function":{"name":"us-central1-api"},"extension":{},"message":"Finishing up request with event=finish"}}
[debug] [2024-10-03T16:42:47.287Z] Finishing up request with event=close {"metadata":{"emulator":{"name":"functions"},"function":{"name":"us-central1-api"},"extension":{},"message":"Finishing up request with event=close"}}
[debug] [2024-10-03T16:42:47.287Z] [work-queue] {"queuedWork":[],"queueLength":0,"runningWork":[],"workRunningCount":0}
[debug] [2024-10-03T16:44:58.351Z] [work-queue] {"queuedWork":["/gruham-eb94a/us-central1/api/payments/create-2024-10-03T16:44:58.350Z"],"queueLength":1,"runningWork":[],"workRunningCount":0}
[debug] [2024-10-03T16:44:58.352Z] [work-queue] {"queuedWork":[],"queueLength":0,"runningWork":["/gruham-eb94a/us-central1/api/payments/create-2024-10-03T16:44:58.350Z"],"workRunningCount":1}
[debug] [2024-10-03T16:44:58.353Z] Accepted request POST /gruham-eb94a/us-central1/api/payments/create?total=23900 --> us-central1-api
[debug] [2024-10-03T16:44:58.363Z] [functions] Runtime ready! Sending request! {"metadata":{"emulator":{"name":"functions"},"message":"[functions] Runtime ready! Sending request!"}}
[debug] [2024-10-03T16:44:58.363Z] [functions] Got req.url=/gruham-eb94a/us-central1/api/payments/create?total=23900, mapping to path=/payments/create?total=23900 {"metadata":{"emulator":{"name":"functions"},"message":"[functions] Got req.url=/gruham-eb94a/us-central1/api/payments/create?total=23900, mapping to path=/payments/create?total=23900"}}
[debug] [2024-10-03T16:44:58.363Z] [worker-pool] submitRequest(triggerId=us-central1-api) {"metadata":{"emulator":{"name":"functions"},"message":"[worker-pool] submitRequest(triggerId=us-central1-api)"}}
[info] i  functions: Beginning execution of "us-central1-api" {"metadata":{"emulator":{"name":"functions"},"function":{"name":"us-central1-api"},"extension":{},"message":"Beginning execution of \"us-central1-api\""}}
[debug] [2024-10-03T16:44:58.364Z] [worker-us-central1-api-756d45a2-8980-492e-9f20-06f1e3b87b4f]: BUSY {"metadata":{"emulator":{"name":"functions"},"function":{"name":"us-central1-api"},"extension":{},"message":"[worker-us-central1-api-756d45a2-8980-492e-9f20-06f1e3b87b4f]: BUSY"}}
[debug] [2024-10-03T16:44:58.367Z] [work-queue] {"queuedWork":["/gruham-eb94a/us-central1/api/payments/create-2024-10-03T16:44:58.367Z"],"queueLength":1,"runningWork":["/gruham-eb94a/us-central1/api/payments/create-2024-10-03T16:44:58.350Z"],"workRunningCount":1}
[debug] [2024-10-03T16:44:58.367Z] [work-queue] {"queuedWork":[],"queueLength":0,"runningWork":["/gruham-eb94a/us-central1/api/payments/create-2024-10-03T16:44:58.350Z","/gruham-eb94a/us-central1/api/payments/create-2024-10-03T16:44:58.367Z"],"workRunningCount":2}
[debug] [2024-10-03T16:44:58.368Z] Accepted request POST /gruham-eb94a/us-central1/api/payments/create?total=23900 --> us-central1-api
[debug] [2024-10-03T16:44:58.371Z] [functions] Runtime ready! Sending request! {"metadata":{"emulator":{"name":"functions"},"message":"[functions] Runtime ready! Sending request!"}}
[debug] [2024-10-03T16:44:58.372Z] [functions] Got req.url=/gruham-eb94a/us-central1/api/payments/create?total=23900, mapping to path=/payments/create?total=23900 {"metadata":{"emulator":{"name":"functions"},"message":"[functions] Got req.url=/gruham-eb94a/us-central1/api/payments/create?total=23900, mapping to path=/payments/create?total=23900"}}
[debug] [2024-10-03T16:44:58.372Z] [worker-pool] submitRequest(triggerId=us-central1-api) {"metadata":{"emulator":{"name":"functions"},"message":"[worker-pool] submitRequest(triggerId=us-central1-api)"}}
[info] i  functions: Beginning execution of "us-central1-api" {"metadata":{"emulator":{"name":"functions"},"function":{"name":"us-central1-api"},"extension":{},"message":"Beginning execution of \"us-central1-api\""}}
[debug] [2024-10-03T16:44:58.373Z] [worker-us-central1-api-7295e609-0e12-4ec3-b31a-814cc663b47a]: BUSY {"metadata":{"emulator":{"name":"functions"},"function":{"name":"us-central1-api"},"extension":{},"message":"[worker-us-central1-api-7295e609-0e12-4ec3-b31a-814cc663b47a]: BUSY"}}
[info] >  {"severity":"INFO","message":"Payment Request Received for this amount >>>  23900"} {"user":{"severity":"INFO","message":"Payment Request Received for this amount >>>  23900"},"metadata":{"emulator":{"name":"functions"},"function":{"name":"us-central1-api"},"extension":{},"message":"\u001b[90m> \u001b[39m {\"severity\":\"INFO\",\"message\":\"Payment Request Received for this amount >>>  23900\"}"}}
[info] >  {"severity":"INFO","message":"Payment Request Received for this amount >>>  23900"} {"user":{"severity":"INFO","message":"Payment Request Received for this amount >>>  23900"},"metadata":{"emulator":{"name":"functions"},"function":{"name":"us-central1-api"},"extension":{},"message":"\u001b[90m> \u001b[39m {\"severity\":\"INFO\",\"message\":\"Payment Request Received for this amount >>>  23900\"}"}}
[debug] [2024-10-03T16:44:59.077Z] Finishing up request with event=pause {"metadata":{"emulator":{"name":"functions"},"function":{"name":"us-central1-api"},"extension":{},"message":"Finishing up request with event=pause"}}
[info] i  functions: Finished "us-central1-api" in 712.5938ms {"metadata":{"emulator":{"name":"functions"},"function":{"name":"us-central1-api"},"extension":{},"message":"Finished \"us-central1-api\" in 712.5938ms"}}
[debug] [2024-10-03T16:44:59.078Z] [worker-us-central1-api-756d45a2-8980-492e-9f20-06f1e3b87b4f]: IDLE {"metadata":{"emulator":{"name":"functions"},"function":{"name":"us-central1-api"},"extension":{},"message":"[worker-us-central1-api-756d45a2-8980-492e-9f20-06f1e3b87b4f]: IDLE"}}
[debug] [2024-10-03T16:44:59.078Z] Finishing up request with event=finish {"metadata":{"emulator":{"name":"functions"},"function":{"name":"us-central1-api"},"extension":{},"message":"Finishing up request with event=finish"}}
[debug] [2024-10-03T16:44:59.078Z] Finishing up request with event=close {"metadata":{"emulator":{"name":"functions"},"function":{"name":"us-central1-api"},"extension":{},"message":"Finishing up request with event=close"}}
[debug] [2024-10-03T16:44:59.078Z] [work-queue] {"queuedWork":[],"queueLength":0,"runningWork":["/gruham-eb94a/us-central1/api/payments/create-2024-10-03T16:44:58.367Z"],"workRunningCount":1}
[debug] [2024-10-03T16:44:59.082Z] Finishing up request with event=pause {"metadata":{"emulator":{"name":"functions"},"function":{"name":"us-central1-api"},"extension":{},"message":"Finishing up request with event=pause"}}
[info] i  functions: Finished "us-central1-api" in 709.489ms {"metadata":{"emulator":{"name":"functions"},"function":{"name":"us-central1-api"},"extension":{},"message":"Finished \"us-central1-api\" in 709.489ms"}}
[debug] [2024-10-03T16:44:59.083Z] [worker-us-central1-api-7295e609-0e12-4ec3-b31a-814cc663b47a]: IDLE {"metadata":{"emulator":{"name":"functions"},"function":{"name":"us-central1-api"},"extension":{},"message":"[worker-us-central1-api-7295e609-0e12-4ec3-b31a-814cc663b47a]: IDLE"}}
[debug] [2024-10-03T16:44:59.083Z] Finishing up request with event=finish {"metadata":{"emulator":{"name":"functions"},"function":{"name":"us-central1-api"},"extension":{},"message":"Finishing up request with event=finish"}}
[debug] [2024-10-03T16:44:59.083Z] Finishing up request with event=close {"metadata":{"emulator":{"name":"functions"},"function":{"name":"us-central1-api"},"extension":{},"message":"Finishing up request with event=close"}}
[debug] [2024-10-03T16:44:59.083Z] [work-queue] {"queuedWork":[],"queueLength":0,"runningWork":[],"workRunningCount":0}
[debug] [2024-10-03T16:45:27.516Z] [work-queue] {"queuedWork":["/gruham-eb94a/us-central1/api/payments/create-2024-10-03T16:45:27.516Z"],"queueLength":1,"runningWork":[],"workRunningCount":0}
[debug] [2024-10-03T16:45:27.516Z] [work-queue] {"queuedWork":[],"queueLength":0,"runningWork":["/gruham-eb94a/us-central1/api/payments/create-2024-10-03T16:45:27.516Z"],"workRunningCount":1}
[debug] [2024-10-03T16:45:27.516Z] Accepted request POST /gruham-eb94a/us-central1/api/payments/create?total=47800 --> us-central1-api
[debug] [2024-10-03T16:45:27.519Z] [functions] Runtime ready! Sending request! {"metadata":{"emulator":{"name":"functions"},"message":"[functions] Runtime ready! Sending request!"}}
[debug] [2024-10-03T16:45:27.519Z] [functions] Got req.url=/gruham-eb94a/us-central1/api/payments/create?total=47800, mapping to path=/payments/create?total=47800 {"metadata":{"emulator":{"name":"functions"},"message":"[functions] Got req.url=/gruham-eb94a/us-central1/api/payments/create?total=47800, mapping to path=/payments/create?total=47800"}}
[debug] [2024-10-03T16:45:27.519Z] [worker-pool] submitRequest(triggerId=us-central1-api) {"metadata":{"emulator":{"name":"functions"},"message":"[worker-pool] submitRequest(triggerId=us-central1-api)"}}
[info] i  functions: Beginning execution of "us-central1-api" {"metadata":{"emulator":{"name":"functions"},"function":{"name":"us-central1-api"},"extension":{},"message":"Beginning execution of \"us-central1-api\""}}
[debug] [2024-10-03T16:45:27.521Z] [worker-us-central1-api-756d45a2-8980-492e-9f20-06f1e3b87b4f]: BUSY {"metadata":{"emulator":{"name":"functions"},"function":{"name":"us-central1-api"},"extension":{},"message":"[worker-us-central1-api-756d45a2-8980-492e-9f20-06f1e3b87b4f]: BUSY"}}
[debug] [2024-10-03T16:45:27.523Z] [work-queue] {"queuedWork":["/gruham-eb94a/us-central1/api/payments/create-2024-10-03T16:45:27.523Z"],"queueLength":1,"runningWork":["/gruham-eb94a/us-central1/api/payments/create-2024-10-03T16:45:27.516Z"],"workRunningCount":1}
[debug] [2024-10-03T16:45:27.524Z] [work-queue] {"queuedWork":[],"queueLength":0,"runningWork":["/gruham-eb94a/us-central1/api/payments/create-2024-10-03T16:45:27.516Z","/gruham-eb94a/us-central1/api/payments/create-2024-10-03T16:45:27.523Z"],"workRunningCount":2}
[debug] [2024-10-03T16:45:27.524Z] Accepted request POST /gruham-eb94a/us-central1/api/payments/create?total=47800 --> us-central1-api
[debug] [2024-10-03T16:45:27.529Z] [functions] Runtime ready! Sending request! {"metadata":{"emulator":{"name":"functions"},"message":"[functions] Runtime ready! Sending request!"}}
[debug] [2024-10-03T16:45:27.529Z] [functions] Got req.url=/gruham-eb94a/us-central1/api/payments/create?total=47800, mapping to path=/payments/create?total=47800 {"metadata":{"emulator":{"name":"functions"},"message":"[functions] Got req.url=/gruham-eb94a/us-central1/api/payments/create?total=47800, mapping to path=/payments/create?total=47800"}}
[debug] [2024-10-03T16:45:27.530Z] [worker-pool] submitRequest(triggerId=us-central1-api) {"metadata":{"emulator":{"name":"functions"},"message":"[worker-pool] submitRequest(triggerId=us-central1-api)"}}
[info] i  functions: Beginning execution of "us-central1-api" {"metadata":{"emulator":{"name":"functions"},"function":{"name":"us-central1-api"},"extension":{},"message":"Beginning execution of \"us-central1-api\""}}
[debug] [2024-10-03T16:45:27.531Z] [worker-us-central1-api-7295e609-0e12-4ec3-b31a-814cc663b47a]: BUSY {"metadata":{"emulator":{"name":"functions"},"function":{"name":"us-central1-api"},"extension":{},"message":"[worker-us-central1-api-7295e609-0e12-4ec3-b31a-814cc663b47a]: BUSY"}}
[info] >  {"severity":"INFO","message":"Payment Request Received for this amount >>>  47800"} {"user":{"severity":"INFO","message":"Payment Request Received for this amount >>>  47800"},"metadata":{"emulator":{"name":"functions"},"function":{"name":"us-central1-api"},"extension":{},"message":"\u001b[90m> \u001b[39m {\"severity\":\"INFO\",\"message\":\"Payment Request Received for this amount >>>  47800\"}"}}
[info] >  {"severity":"INFO","message":"Payment Request Received for this amount >>>  47800"} {"user":{"severity":"INFO","message":"Payment Request Received for this amount >>>  47800"},"metadata":{"emulator":{"name":"functions"},"function":{"name":"us-central1-api"},"extension":{},"message":"\u001b[90m> \u001b[39m {\"severity\":\"INFO\",\"message\":\"Payment Request Received for this amount >>>  47800\"}"}}
[debug] [2024-10-03T16:45:28.006Z] Finishing up request with event=pause {"metadata":{"emulator":{"name":"functions"},"function":{"name":"us-central1-api"},"extension":{},"message":"Finishing up request with event=pause"}}
[info] i  functions: Finished "us-central1-api" in 475.0675ms {"metadata":{"emulator":{"name":"functions"},"function":{"name":"us-central1-api"},"extension":{},"message":"Finished \"us-central1-api\" in 475.0675ms"}}
[debug] [2024-10-03T16:45:28.007Z] [worker-us-central1-api-7295e609-0e12-4ec3-b31a-814cc663b47a]: IDLE {"metadata":{"emulator":{"name":"functions"},"function":{"name":"us-central1-api"},"extension":{},"message":"[worker-us-central1-api-7295e609-0e12-4ec3-b31a-814cc663b47a]: IDLE"}}
[debug] [2024-10-03T16:45:28.007Z] Finishing up request with event=finish {"metadata":{"emulator":{"name":"functions"},"function":{"name":"us-central1-api"},"extension":{},"message":"Finishing up request with event=finish"}}
[debug] [2024-10-03T16:45:28.007Z] Finishing up request with event=close {"metadata":{"emulator":{"name":"functions"},"function":{"name":"us-central1-api"},"extension":{},"message":"Finishing up request with event=close"}}
[debug] [2024-10-03T16:45:28.007Z] [work-queue] {"queuedWork":[],"queueLength":0,"runningWork":["/gruham-eb94a/us-central1/api/payments/create-2024-10-03T16:45:27.516Z"],"workRunningCount":1}
[debug] [2024-10-03T16:45:28.011Z] Finishing up request with event=pause {"metadata":{"emulator":{"name":"functions"},"function":{"name":"us-central1-api"},"extension":{},"message":"Finishing up request with event=pause"}}
[info] i  functions: Finished "us-central1-api" in 491.004ms {"metadata":{"emulator":{"name":"functions"},"function":{"name":"us-central1-api"},"extension":{},"message":"Finished \"us-central1-api\" in 491.004ms"}}
[debug] [2024-10-03T16:45:28.013Z] [worker-us-central1-api-756d45a2-8980-492e-9f20-06f1e3b87b4f]: IDLE {"metadata":{"emulator":{"name":"functions"},"function":{"name":"us-central1-api"},"extension":{},"message":"[worker-us-central1-api-756d45a2-8980-492e-9f20-06f1e3b87b4f]: IDLE"}}
[debug] [2024-10-03T16:45:28.013Z] Finishing up request with event=finish {"metadata":{"emulator":{"name":"functions"},"function":{"name":"us-central1-api"},"extension":{},"message":"Finishing up request with event=finish"}}
[debug] [2024-10-03T16:45:28.014Z] Finishing up request with event=close {"metadata":{"emulator":{"name":"functions"},"function":{"name":"us-central1-api"},"extension":{},"message":"Finishing up request with event=close"}}
[debug] [2024-10-03T16:45:28.014Z] [work-queue] {"queuedWork":[],"queueLength":0,"runningWork":[],"workRunningCount":0}
